/afs/inf.ed.ac.uk/user/s22/s2295106/Desktop/GitHub/3rd_Year/MR/install/socspioneer/lib/python3.10/site-packages/socspioneer/__init__.py
/afs/inf.ed.ac.uk/user/s22/s2295106/Desktop/GitHub/3rd_Year/MR/install/socspioneer/lib/python3.10/site-packages/socspioneer/marker_publisher.py
/afs/inf.ed.ac.uk/user/s22/s2295106/Desktop/GitHub/3rd_Year/MR/install/socspioneer/lib/python3.10/site-packages/socspioneer/twist_publisher.py
/afs/inf.ed.ac.uk/user/s22/s2295106/Desktop/GitHub/3rd_Year/MR/install/socspioneer/lib/python3.10/site-packages/socspioneer/__pycache__/__init__.cpython-310.pyc
/afs/inf.ed.ac.uk/user/s22/s2295106/Desktop/GitHub/3rd_Year/MR/install/socspioneer/lib/python3.10/site-packages/socspioneer/__pycache__/marker_publisher.cpython-310.pyc
/afs/inf.ed.ac.uk/user/s22/s2295106/Desktop/GitHub/3rd_Year/MR/install/socspioneer/lib/python3.10/site-packages/socspioneer/__pycache__/twist_publisher.cpython-310.pyc
/afs/inf.ed.ac.uk/user/s22/s2295106/Desktop/GitHub/3rd_Year/MR/install/socspioneer/share/ament_index/resource_index/packages/socspioneer
/afs/inf.ed.ac.uk/user/s22/s2295106/Desktop/GitHub/3rd_Year/MR/install/socspioneer/share/socspioneer/package.xml
/afs/inf.ed.ac.uk/user/s22/s2295106/Desktop/GitHub/3rd_Year/MR/install/socspioneer/share/socspioneer/launch/keyboard_teleop.launch.py
/afs/inf.ed.ac.uk/user/s22/s2295106/Desktop/GitHub/3rd_Year/MR/install/socspioneer/share/socspioneer/launch/stage.launch.py
/afs/inf.ed.ac.uk/user/s22/s2295106/Desktop/GitHub/3rd_Year/MR/install/socspioneer/share/socspioneer/launch/stage_mapping.launch.py
/afs/inf.ed.ac.uk/user/s22/s2295106/Desktop/GitHub/3rd_Year/MR/install/socspioneer/share/socspioneer/launch/transform_example.launch.py
/afs/inf.ed.ac.uk/user/s22/s2295106/Desktop/GitHub/3rd_Year/MR/install/socspioneer/share/socspioneer/config/demo.rviz
/afs/inf.ed.ac.uk/user/s22/s2295106/Desktop/GitHub/3rd_Year/MR/install/socspioneer/share/socspioneer/config/map_view.rviz
/afs/inf.ed.ac.uk/user/s22/s2295106/Desktop/GitHub/3rd_Year/MR/install/socspioneer/share/socspioneer/data/lgfloor.pgm
/afs/inf.ed.ac.uk/user/s22/s2295106/Desktop/GitHub/3rd_Year/MR/install/socspioneer/share/socspioneer/data/lgfloor.world
/afs/inf.ed.ac.uk/user/s22/s2295106/Desktop/GitHub/3rd_Year/MR/install/socspioneer/share/socspioneer/data/lgfloor.world.orig
/afs/inf.ed.ac.uk/user/s22/s2295106/Desktop/GitHub/3rd_Year/MR/install/socspioneer/share/socspioneer/data/lgfloor.yaml
/afs/inf.ed.ac.uk/user/s22/s2295106/Desktop/GitHub/3rd_Year/MR/install/socspioneer/share/socspioneer/data/lgfloor2.bag
/afs/inf.ed.ac.uk/user/s22/s2295106/Desktop/GitHub/3rd_Year/MR/install/socspioneer/share/socspioneer/data/meeting.bag
/afs/inf.ed.ac.uk/user/s22/s2295106/Desktop/GitHub/3rd_Year/MR/install/socspioneer/share/socspioneer/data/meeting.pgm
/afs/inf.ed.ac.uk/user/s22/s2295106/Desktop/GitHub/3rd_Year/MR/install/socspioneer/share/socspioneer/data/meeting.world
/afs/inf.ed.ac.uk/user/s22/s2295106/Desktop/GitHub/3rd_Year/MR/install/socspioneer/share/socspioneer/data/meeting.world.bkp
/afs/inf.ed.ac.uk/user/s22/s2295106/Desktop/GitHub/3rd_Year/MR/install/socspioneer/share/socspioneer/data/meeting.yaml
/afs/inf.ed.ac.uk/user/s22/s2295106/Desktop/GitHub/3rd_Year/MR/install/socspioneer/lib/python3.10/site-packages/socspioneer-3.0.0-py3.10.egg-info/PKG-INFO
/afs/inf.ed.ac.uk/user/s22/s2295106/Desktop/GitHub/3rd_Year/MR/install/socspioneer/lib/python3.10/site-packages/socspioneer-3.0.0-py3.10.egg-info/zip-safe
/afs/inf.ed.ac.uk/user/s22/s2295106/Desktop/GitHub/3rd_Year/MR/install/socspioneer/lib/python3.10/site-packages/socspioneer-3.0.0-py3.10.egg-info/dependency_links.txt
/afs/inf.ed.ac.uk/user/s22/s2295106/Desktop/GitHub/3rd_Year/MR/install/socspioneer/lib/python3.10/site-packages/socspioneer-3.0.0-py3.10.egg-info/entry_points.txt
/afs/inf.ed.ac.uk/user/s22/s2295106/Desktop/GitHub/3rd_Year/MR/install/socspioneer/lib/python3.10/site-packages/socspioneer-3.0.0-py3.10.egg-info/requires.txt
/afs/inf.ed.ac.uk/user/s22/s2295106/Desktop/GitHub/3rd_Year/MR/install/socspioneer/lib/python3.10/site-packages/socspioneer-3.0.0-py3.10.egg-info/top_level.txt
/afs/inf.ed.ac.uk/user/s22/s2295106/Desktop/GitHub/3rd_Year/MR/install/socspioneer/lib/python3.10/site-packages/socspioneer-3.0.0-py3.10.egg-info/SOURCES.txt
/afs/inf.ed.ac.uk/user/s22/s2295106/Desktop/GitHub/3rd_Year/MR/install/socspioneer/lib/socspioneer/marker_publisher
/afs/inf.ed.ac.uk/user/s22/s2295106/Desktop/GitHub/3rd_Year/MR/install/socspioneer/lib/socspioneer/twist_publisher
